<?xml version="1.0" encoding="utf-8"?><testsuites name="pytest tests"><testsuite name="pytest" errors="0" failures="0" skipped="0" tests="35" time="10.712" timestamp="2026-07-04T17:46:49.380310+00:00" hostname="agent-env-2414409a-3eb4-4a4d-9b0a-9d28fdf07564"><testcase classname="tests.backend_test.TestHealth" name="test_root" time="0.258" /><testcase classname="tests.backend_test.TestSeed" name="test_seed_idempotent" time="0.057" /><testcase classname="tests.backend_test.TestAuth" name="test_login_admin" time="0.276" /><testcase classname="tests.backend_test.TestAuth" name="test_login_bad_password" time="0.269" /><testcase classname="tests.backend_test.TestAuth" name="test_me_requires_token" time="0.050" /><testcase classname="tests.backend_test.TestAuth" name="test_me_returns_user" time="0.374" /><testcase classname="tests.backend_test.TestAuth" name="test_register_new_client" time="0.272" /><testcase classname="tests.backend_test.TestAuth" name="test_register_duplicate" time="0.048" /><testcase classname="tests.backend_test.TestServices" name="test_list_services" time="0.050" /><testcase classname="tests.backend_test.TestServices" name="test_admin_can_patch_service" time="0.099" /><testcase classname="tests.backend_test.TestServices" name="test_client_cannot_patch_service" time="0.320" /><testcase classname="tests.backend_test.TestOrderLifecycle" name="test_client_create_order" time="0.050" /><testcase classname="tests.backend_test.TestOrderLifecycle" name="test_client_sees_own_orders" time="0.050" /><testcase classname="tests.backend_test.TestOrderLifecycle" name="test_driver_does_not_see_unassigned" time="0.323" /><testcase classname="tests.backend_test.TestOrderLifecycle" name="test_admin_sees_all" time="0.048" /><testcase classname="tests.backend_test.TestOrderLifecycle" name="test_admin_assign_driver" time="0.206" /><testcase classname="tests.backend_test.TestOrderLifecycle" name="test_pickup_otp_flow" time="0.879" /><testcase classname="tests.backend_test.TestOrderLifecycle" name="test_driver_count_log" time="0.060" /><testcase classname="tests.backend_test.TestOrderLifecycle" name="test_shop_receipt_match" time="0.103" /><testcase classname="tests.backend_test.TestOrderLifecycle" name="test_status_transitions" time="0.150" /><testcase classname="tests.backend_test.TestOrderLifecycle" name="test_delivery_otp_flow" time="0.648" /><testcase classname="tests.backend_test.TestInvoicesPayments" name="test_generate_invoice" time="0.054" /><testcase classname="tests.backend_test.TestInvoicesPayments" name="test_generate_invoice_idempotent" time="0.052" /><testcase classname="tests.backend_test.TestInvoicesPayments" name="test_client_lists_own_invoices" time="0.048" /><testcase classname="tests.backend_test.TestInvoicesPayments" name="test_invoice_pdf" time="0.062" /><testcase classname="tests.backend_test.TestInvoicesPayments" name="test_invoice_pdf_no_token" time="0.049" /><testcase classname="tests.backend_test.TestInvoicesPayments" name="test_payment_create_and_verify" time="0.203" /><testcase classname="tests.backend_test.TestComplaints" name="test_client_create_complaint" time="0.049" /><testcase classname="tests.backend_test.TestComplaints" name="test_client_lists_own_complaints" time="0.051" /><testcase classname="tests.backend_test.TestComplaints" name="test_admin_sees_all_complaints" time="0.050" /><testcase classname="tests.backend_test.TestNotifications" name="test_client_has_notifications" time="0.048" /><testcase classname="tests.backend_test.TestDashboard" name="test_stats_admin" time="0.054" /><testcase classname="tests.backend_test.TestDashboard" name="test_stats_forbidden_for_client" time="0.048" /><testcase classname="tests.backend_test.TestAIChat" name="test_ai_chat_stream" time="4.181" /><testcase classname="tests.backend_test.TestAIChat" name="test_ai_history_persisted" time="1.052" /></testsuite></testsuites>